-- The C compiler identification is GNU 11.4.0
-- The CXX compiler identification is GNU 11.4.0
-- Detecting C compiler ABI info
-- Detecting C compiler ABI info - done
-- Check for working C compiler: /usr/bin/cc - skipped
-- Detecting C compile features
-- Detecting C compile features - done
-- Detecting CXX compiler ABI info
-- Detecting CXX compiler ABI info - done
-- Check for working CXX compiler: /usr/bin/c++ - skipped
-- Detecting CXX compile features
-- Detecting CXX compile features - done
-- Found ament_cmake: 1.3.12 (/opt/ros/humble/share/ament_cmake/cmake)
-- Found Python3: /usr/bin/python3 (found version "3.10.12") found components: Interpreter 
-- Found rclcpp: 16.0.15 (/opt/ros/humble/share/rclcpp/cmake)
-- Found rosidl_generator_c: 3.1.7 (/opt/ros/humble/share/rosidl_generator_c/cmake)
-- Found rosidl_adapter: 3.1.7 (/opt/ros/humble/share/rosidl_adapter/cmake)
-- Found rosidl_generator_cpp: 3.1.7 (/opt/ros/humble/share/rosidl_generator_cpp/cmake)
-- Using all available rosidl_typesupport_c: rosidl_typesupport_fastrtps_c;rosidl_typesupport_introspection_c
-- Using all available rosidl_typesupport_cpp: rosidl_typesupport_fastrtps_cpp;rosidl_typesupport_introspection_cpp
-- Found rmw_implementation_cmake: 6.1.2 (/opt/ros/humble/share/rmw_implementation_cmake/cmake)
-- Found rmw_fastrtps_cpp: 6.2.9 (/opt/ros/humble/share/rmw_fastrtps_cpp/cmake)
-- Found OpenSSL: /usr/lib/x86_64-linux-gnu/libcrypto.so (found version "3.0.2")  
-- Found FastRTPS: /opt/ros/humble/include  
-- Using RMW implementation 'rmw_fastrtps_cpp' as default
-- Looking for pthread.h
-- Looking for pthread.h - found
-- Performing Test CMAKE_HAVE_LIBC_PTHREAD
-- Performing Test CMAKE_HAVE_LIBC_PTHREAD - Success
-- Found Threads: TRUE  
-- Found rclcpp_components: 16.0.15 (/opt/ros/humble/share/rclcpp_components/cmake)
-- Found std_srvs: 4.9.0 (/opt/ros/humble/share/std_srvs/cmake)
-- Found sensor_msgs: 4.9.0 (/opt/ros/humble/share/sensor_msgs/cmake)
-- Found control_msgs: 4.8.0 (/opt/ros/humble/share/control_msgs/cmake)
-- Found moveit_msgs: 2.2.1 (/opt/ros/humble/share/moveit_msgs/cmake)
-- Found moveit_ros_planning: 2.5.9 (/opt/ros/humble/share/moveit_ros_planning/cmake)
-- Found Boost: /usr/lib/x86_64-linux-gnu/cmake/Boost-1.74.0/BoostConfig.cmake (found version "1.74.0") found components: system filesystem date_time program_options thread chrono 
-- Found Boost: /usr/lib/x86_64-linux-gnu/cmake/Boost-1.74.0/BoostConfig.cmake (found version "1.74.0") found components: chrono date_time filesystem iostreams program_options regex serialization system thread 
-- Found parameter_traits: 0.5.0 (/opt/ros/humble/share/parameter_traits/cmake)
-- Found rclcpp_lifecycle: 16.0.15 (/opt/ros/humble/share/rclcpp_lifecycle/cmake)
-- Found Boost: /usr/lib/x86_64-linux-gnu/cmake/Boost-1.74.0/BoostConfig.cmake (found version "1.74.0") found components: filesystem 
-- library: /usr/lib/x86_64-linux-gnu/libcurl.so
-- Found Eigen3: TRUE (found version "3.4.0") 
-- Ensuring Eigen3 include directory is part of orocos-kdl CMake target
-- Found ament_lint_auto: 0.12.14 (/opt/ros/humble/share/ament_lint_auto/cmake)
-- Added test 'copyright' to check source files copyright and LICENSE
-- Added test 'cppcheck' to perform static code analysis on C / C++ code
-- Configured cppcheck include dirs: /home/paddy/rrc/xarm_ws/src/xarm_ros2/xarm_moveit_servo/include
-- Configured cppcheck exclude dirs and/or files: 
-- Added test 'cpplint' to check C / C++ code against the Google style
-- Configured cpplint exclude dirs and/or files: 
-- Added test 'flake8' to check Python code syntax and style conventions
-- Added test 'lint_cmake' to check CMake code style
-- Added test 'pep257' to check Python code against some of the docstring style conventions in PEP 257
-- Added test 'uncrustify' to check C / C++ code style
-- Configured uncrustify additional arguments: 
-- Added test 'xmllint' to check XML markup files
-- Configuring done
-- Generating done
-- Build files have been written to: /home/paddy/rrc/xarm_ws/src/xarm_ros2/build/xarm_moveit_servo
[ 60%] [32mBuilding CXX object CMakeFiles/xarm_joystick_input.dir/src/gripper_controller.cpp.o[0m
[ 60%] [32mBuilding CXX object CMakeFiles/xarm_keyboard_input.dir/src/xarm_keyboard_input.cpp.o[0m
[ 60%] [32mBuilding CXX object CMakeFiles/xarm_joystick_input.dir/src/xarm_joystick_input.cpp.o[0m
In file included from [01m[K/home/paddy/rrc/xarm_ws/src/xarm_ros2/xarm_moveit_servo/src/xarm_joystick_input.cpp:8[m[K:
[01m[K/home/paddy/rrc/xarm_ws/src/xarm_ros2/xarm_moveit_servo/include/xarm_moveit_servo/xarm_joystick_input.h:43:38:[m[K [01;31m[Kerror: [m[Kâ€˜[01m[KInt32[m[Kâ€™ is not a member of â€˜[01m[Kstd_msgs::msg[m[Kâ€™
   43 |     rclcpp::Publisher<std_msgs::msg::[01;31m[KInt32[m[K>::SharedPtr gripper_command_pub_;
      |                                      [01;31m[K^~~~~[m[K
[01m[K/home/paddy/rrc/xarm_ws/src/xarm_ros2/xarm_moveit_servo/include/xarm_moveit_servo/xarm_joystick_input.h:43:43:[m[K [01;31m[Kerror: [m[Ktemplate argument 1 is invalid
   43 |     rclcpp::Publisher<std_msgs::msg::Int32[01;31m[K>[m[K::SharedPtr gripper_command_pub_;
      |                                           [01;31m[K^[m[K
[01m[K/home/paddy/rrc/xarm_ws/src/xarm_ros2/xarm_moveit_servo/include/xarm_moveit_servo/xarm_joystick_input.h:43:46:[m[K [01;31m[Kerror: [m[Kexpected â€˜[01m[K;[m[Kâ€™ at end of member declaration
   43 |     rclcpp::Publisher<std_msgs::msg::Int32>::[01;31m[KSharedPtr[m[K gripper_command_pub_;
      |                                              [01;31m[K^~~~~~~~~[m[K
      |                                                       [32m[K;[m[K
[01m[K/home/paddy/rrc/xarm_ws/src/xarm_ros2/xarm_moveit_servo/include/xarm_moveit_servo/xarm_joystick_input.h:43:56:[m[K [01;31m[Kerror: [m[Kâ€˜[01m[Kgripper_command_pub_[m[Kâ€™ does not name a type
   43 |     rclcpp::Publisher<std_msgs::msg::Int32>::SharedPtr [01;31m[Kgripper_command_pub_[m[K;
      |                                                        [01;31m[K^~~~~~~~~~~~~~~~~~~~[m[K
[01m[K/home/paddy/rrc/xarm_ws/src/xarm_ros2/xarm_moveit_servo/include/xarm_moveit_servo/xarm_joystick_input.h:44:38:[m[K [01;31m[Kerror: [m[Kâ€˜[01m[KInt32[m[Kâ€™ is not a member of â€˜[01m[Kstd_msgs::msg[m[Kâ€™
   44 |     rclcpp::Publisher<std_msgs::msg::[01;31m[KInt32[m[K>::SharedPtr gripper_state_pub_;
      |                                      [01;31m[K^~~~~[m[K
[01m[K/home/paddy/rrc/xarm_ws/src/xarm_ros2/xarm_moveit_servo/include/xarm_moveit_servo/xarm_joystick_input.h:44:43:[m[K [01;31m[Kerror: [m[Ktemplate argument 1 is invalid
   44 |     rclcpp::Publisher<std_msgs::msg::Int32[01;31m[K>[m[K::SharedPtr gripper_state_pub_;
      |                                           [01;31m[K^[m[K
[01m[K/home/paddy/rrc/xarm_ws/src/xarm_ros2/xarm_moveit_servo/include/xarm_moveit_servo/xarm_joystick_input.h:44:46:[m[K [01;31m[Kerror: [m[Kexpected â€˜[01m[K;[m[Kâ€™ at end of member declaration
   44 |     rclcpp::Publisher<std_msgs::msg::Int32>::[01;31m[KSharedPtr[m[K gripper_state_pub_;
      |                                              [01;31m[K^~~~~~~~~[m[K
      |                                                       [32m[K;[m[K
[01m[K/home/paddy/rrc/xarm_ws/src/xarm_ros2/xarm_moveit_servo/include/xarm_moveit_servo/xarm_joystick_input.h:44:46:[m[K [01;31m[Kerror: [m[Kredeclaration of â€˜[01m[Kint xarm_moveit_servo::JoyToServoPub::SharedPtr[m[Kâ€™
[01m[K/home/paddy/rrc/xarm_ws/src/xarm_ros2/xarm_moveit_servo/include/xarm_moveit_servo/xarm_joystick_input.h:43:46:[m[K [01;36m[Knote: [m[Kprevious declaration â€˜[01m[Kint xarm_moveit_servo::JoyToServoPub::SharedPtr[m[Kâ€™
   43 |     rclcpp::Publisher<std_msgs::msg::Int32>::[01;36m[KSharedPtr[m[K gripper_command_pub_;
      |                                              [01;36m[K^~~~~~~~~[m[K
[01m[K/home/paddy/rrc/xarm_ws/src/xarm_ros2/xarm_moveit_servo/include/xarm_moveit_servo/xarm_joystick_input.h:44:56:[m[K [01;31m[Kerror: [m[Kâ€˜[01m[Kgripper_state_pub_[m[Kâ€™ does not name a type
   44 |     rclcpp::Publisher<std_msgs::msg::Int32>::SharedPtr [01;31m[Kgripper_state_pub_[m[K;
      |                                                        [01;31m[K^~~~~~~~~~~~~~~~~~[m[K
[01m[K/home/paddy/rrc/xarm_ws/src/xarm_ros2/xarm_moveit_servo/src/xarm_joystick_input.cpp:[m[K In constructor â€˜[01m[Kxarm_moveit_servo::JoyToServoPub::JoyToServoPub(const rclcpp::NodeOptions&)[m[Kâ€™:
[01m[K/home/paddy/rrc/xarm_ws/src/xarm_ros2/xarm_moveit_servo/src/xarm_joystick_input.cpp:112:5:[m[K [01;31m[Kerror: [m[Kâ€˜[01m[Kgripper_command_pub_[m[Kâ€™ was not declared in this scope
  112 |     [01;31m[Kgripper_command_pub_[m[K = this->create_publisher<std_msgs::msg::Int32>("/gripper/command", ros_queue_size_);
      |     [01;31m[K^~~~~~~~~~~~~~~~~~~~[m[K
[01m[K/home/paddy/rrc/xarm_ws/src/xarm_ros2/xarm_moveit_servo/src/xarm_joystick_input.cpp:113:5:[m[K [01;31m[Kerror: [m[Kâ€˜[01m[Kgripper_state_pub_[m[Kâ€™ was not declared in this scope
  113 |     [01;31m[Kgripper_state_pub_[m[K = this->create_publisher<std_msgs::msg::Int32>("/gripper/state", ros_queue_size_);
      |     [01;31m[K^~~~~~~~~~~~~~~~~~[m[K
[01m[K/home/paddy/rrc/xarm_ws/src/xarm_ros2/xarm_moveit_servo/src/xarm_joystick_input.cpp:[m[K In member function â€˜[01m[Kvoid xarm_moveit_servo::JoyToServoPub::_joy_callback(sensor_msgs::msg::Joy_<std::allocator<void> >::SharedPtr)[m[Kâ€™:
[01m[K/home/paddy/rrc/xarm_ws/src/xarm_ros2/xarm_moveit_servo/src/xarm_joystick_input.cpp:301:5:[m[K [01;31m[Kerror: [m[Kâ€˜[01m[Kgripper_command_pub_[m[Kâ€™ was not declared in this scope
  301 |     [01;31m[Kgripper_command_pub_[m[K->publish(std::move(gripper_cmd_msg));
      |     [01;31m[K^~~~~~~~~~~~~~~~~~~~[m[K
[01m[K/home/paddy/rrc/xarm_ws/src/xarm_ros2/xarm_moveit_servo/src/xarm_joystick_input.cpp:302:5:[m[K [01;31m[Kerror: [m[Kâ€˜[01m[Kgripper_state_pub_[m[Kâ€™ was not declared in this scope; did you mean â€˜[01m[Kgripper_state_msg[m[Kâ€™?
  302 |     [01;31m[Kgripper_state_pub_[m[K->publish(std::move(gripper_state_msg));
      |     [01;31m[K^~~~~~~~~~~~~~~~~~[m[K
      |     [32m[Kgripper_state_msg[m[K
gmake[2]: *** [CMakeFiles/xarm_joystick_input.dir/build.make:76: CMakeFiles/xarm_joystick_input.dir/src/xarm_joystick_input.cpp.o] Error 1
gmake[1]: *** [CMakeFiles/Makefile2:139: CMakeFiles/xarm_joystick_input.dir/all] Error 2
gmake[1]: *** Waiting for unfinished jobs....
[ 80%] [32m[1mLinking CXX executable xarm_keyboard_input[0m
[ 80%] Built target xarm_keyboard_input
gmake: *** [Makefile:146: all] Error 2
